\BOOKMARK [0][-]{cover.0}{\376\377\000\116\000\112\000\125\000\040\000\103\000\157\000\166\000\145\000\162}{}% 1
\BOOKMARK [0][-]{abstract.0}{\376\377\144\130\060\000\211\201}{}% 2
\BOOKMARK [0][-]{englishabstract.0}{\376\377\000\101\000\142\000\163\000\164\000\162\000\141\000\143\000\164}{}% 3
\BOOKMARK [0][-]{chapter*.1}{\376\377\166\356\000\040\000\040\137\125}{}% 4
\BOOKMARK [0][-]{chapter.1}{\376\377\173\054\116\000\172\340\000\040\000\040\176\352\213\272}{}% 5
\BOOKMARK [1][-]{section.1.1}{\376\377\000\061\000\056\000\061\000\040\170\024\172\166\200\314\146\157\377\032\133\244\121\205\133\232\117\115}{chapter.1}% 6
\BOOKMARK [1][-]{section.1.2}{\376\377\000\061\000\056\000\062\000\040\170\024\172\166\200\314\146\157\377\032\123\357\172\177\142\064\213\276\131\007}{chapter.1}% 7
\BOOKMARK [1][-]{section.1.3}{\376\377\000\061\000\056\000\063\000\040\170\024\172\166\166\356\166\204\123\312\141\017\116\111}{chapter.1}% 8
\BOOKMARK [1][-]{section.1.4}{\376\377\000\061\000\056\000\064\000\040\147\054\145\207\166\204\135\345\117\134}{chapter.1}% 9
\BOOKMARK [2][-]{subsection.1.4.1}{\376\377\000\061\000\056\000\064\000\056\000\061\000\040\145\340\225\032\202\202\160\271\166\204\133\244\121\205\133\232\117\115\145\271\150\110\000\106\000\157\000\157\000\164\000\123\000\164\000\145\000\160\000\055\000\124\000\162\000\141\000\143\000\153\000\145\000\162}{section.1.4}% 10
\BOOKMARK [2][-]{subsection.1.4.2}{\376\377\000\061\000\056\000\064\000\056\000\062\000\040\127\372\116\216\201\032\153\145\141\037\167\345\166\204\145\340\225\032\202\202\160\271\133\244\121\205\133\232\117\115\174\373\176\337\133\236\163\260}{section.1.4}% 11
\BOOKMARK [1][-]{section.1.5}{\376\377\000\061\000\056\000\065\000\040\147\054\145\207\176\304\176\307\176\323\147\204}{chapter.1}% 12
\BOOKMARK [0][-]{chapter.2}{\376\377\173\054\116\214\172\340\000\040\000\040\166\370\121\163\135\345\117\134}{}% 13
\BOOKMARK [0][-]{chapter.3}{\376\377\173\054\116\011\172\340\000\040\000\040\127\372\116\216\201\032\153\145\141\037\167\345\166\204\145\340\225\032\202\202\160\271\133\244\121\205\133\232\117\115\174\373\176\337}{}% 14
\BOOKMARK [1][-]{section.3.1}{\376\377\000\063\000\056\000\061\000\040\225\356\230\230\127\072\146\157\143\317\217\360}{chapter.3}% 15
\BOOKMARK [1][-]{section.3.2}{\376\377\000\063\000\056\000\062\000\040\174\373\176\337\151\202\217\360}{chapter.3}% 16
\BOOKMARK [1][-]{section.3.3}{\376\377\000\063\000\056\000\063\000\040\174\373\176\337\220\350\177\162}{chapter.3}% 17
\BOOKMARK [1][-]{section.3.4}{\376\377\000\063\000\056\000\064\000\040\210\114\116\072\122\006\174\173\126\150}{chapter.3}% 18
\BOOKMARK [2][-]{subsection.3.4.1}{\376\377\000\063\000\056\000\064\000\056\000\061\000\040\170\024\172\166\122\250\147\072}{section.3.4}% 19
\BOOKMARK [2][-]{subsection.3.4.2}{\376\377\000\063\000\056\000\064\000\056\000\062\000\040\133\236\232\214\211\302\133\337}{section.3.4}% 20
\BOOKMARK [2][-]{subsection.3.4.3}{\376\377\000\063\000\056\000\064\000\056\000\063\000\040\211\343\121\263\145\271\150\110}{section.3.4}% 21
\BOOKMARK [1][-]{section.3.5}{\376\377\000\063\000\056\000\065\000\040\201\032\153\145\122\007\122\162}{chapter.3}% 22
\BOOKMARK [1][-]{section.3.6}{\376\377\000\063\000\056\000\066\000\040\153\145\225\177\117\060\173\227\126\150}{chapter.3}% 23
\BOOKMARK [1][-]{section.3.7}{\376\377\000\063\000\056\000\067\000\040\145\271\124\021\117\060\173\227\126\150}{chapter.3}% 24
\BOOKMARK [1][-]{section.3.8}{\376\377\000\063\000\056\000\070\000\040\133\236\232\214\232\214\213\301\123\312\176\323\147\234\122\006\147\220}{chapter.3}% 25
\BOOKMARK [1][-]{section.3.9}{\376\377\000\063\000\056\000\071\000\040\147\054\172\340\134\017\176\323}{chapter.3}% 26
\BOOKMARK [0][-]{chapter.4}{\376\377\173\054\126\333\172\340\000\040\000\040\127\372\116\216\201\032\153\145\141\037\167\345\166\204\145\340\225\032\202\202\160\271\133\244\121\205\133\232\117\115\174\373\176\337\133\236\163\260}{}% 27
\BOOKMARK [0][-]{chapter.5}{\376\377\173\054\116\224\172\340\000\040\000\040\140\073\176\323\116\016\134\125\147\033}{}% 28
\BOOKMARK [0][-]{chapter*.4}{\376\377\123\302\200\003\145\207\163\056}{}% 29
\BOOKMARK [0][-]{chapter*.5}{\376\377\173\200\123\206\116\016\171\321\170\024\142\020\147\234}{}% 30
\BOOKMARK [0][-]{chapter*.6}{\376\377\201\364\000\040\000\040\214\042}{}% 31
